<?xml version="1.0" encoding="UTF-8"?>
<!-- Generated by org.testng.reporters.JUnitReportReporter -->
<testsuite hostname="DESKTOP-T60JHJJ" failures="0" tests="1" name="org.mir.serializationPlace.AddPlaceTest" time="3.124" errors="0" timestamp="2022-03-12T18:32:34 EST" skipped="0">
  <testcase classname="org.mir.serializationPlace.AddPlaceTest" name="createAdd" time="3.124"/>
  <system-out/>
</testsuite> <!-- org.mir.serializationPlace.AddPlaceTest -->
