<?xml version="1.0" encoding="UTF-8"?>
<!-- Generated by org.testng.reporters.JUnitReportReporter -->
<testsuite hostname="DESKTOP-T60JHJJ" failures="0" tests="1" name="org.mir.testing.AddPlace" time="3.394" errors="0" timestamp="2022-03-10T16:14:42 EST" skipped="0">
  <testcase classname="org.mir.testing.AddPlace" name="addplace" time="3.394"/>
  <system-out/>
</testsuite> <!-- org.mir.testing.AddPlace -->
