<?xml version="1.0" encoding="UTF-8"?>
<!-- Generated by org.testng.reporters.JUnitReportReporter -->
<testsuite hostname="DESKTOP-T60JHJJ" failures="0" tests="1" name="org.mir.testing.AddPlaceAndThenHoldResponseBody" time="3.031" errors="0" timestamp="2022-03-10T16:54:43 EST" skipped="0">
  <testcase classname="org.mir.testing.AddPlaceAndThenHoldResponseBody" name="getPlace_idFromResponseBody" time="3.031"/>
  <system-out/>
</testsuite> <!-- org.mir.testing.AddPlaceAndThenHoldResponseBody -->
