<?xml version="1.0" encoding="UTF-8"?>
<!-- Generated by org.testng.reporters.JUnitReportReporter -->
<testsuite hostname="DESKTOP-T60JHJJ" failures="0" tests="1" name="org.mir.testing.AddPlaceV3" time="2.687" errors="0" timestamp="2022-03-10T16:20:54 EST" skipped="0">
  <testcase classname="org.mir.testing.AddPlaceV3" name="addplace" time="2.687"/>
  <system-out/>
</testsuite> <!-- org.mir.testing.AddPlaceV3 -->
