<?xml version="1.0" encoding="UTF-8"?>
<!-- Generated by org.testng.reporters.JUnitReportReporter -->
<testsuite hostname="DESKTOP-T60JHJJ" failures="0" tests="1" name="org.mir.testing.AddBookInLibrary" time="2.042" errors="0" timestamp="2022-03-10T23:11:51 EST" skipped="0">
  <testcase classname="org.mir.testing.AddBookInLibrary" name="addBookWithRandom" time="2.042"/>
  <system-out/>
</testsuite> <!-- org.mir.testing.AddBookInLibrary -->
