<?xml version="1.0" encoding="UTF-8"?>
<!-- Generated by org.testng.reporters.JUnitReportReporter -->
<testsuite hostname="DESKTOP-T60JHJJ" failures="0" tests="1" name="org.mir.testing.AddPlaceAndResponseBody" time="2.854" errors="0" timestamp="2022-03-10T16:33:53 EST" skipped="0">
  <testcase classname="org.mir.testing.AddPlaceAndResponseBody" name="addplaceAndGetResponseBody" time="2.854"/>
  <system-out/>
</testsuite> <!-- org.mir.testing.AddPlaceAndResponseBody -->
