<?xml version="1.0" encoding="UTF-8"?>
<!-- Generated by org.testng.reporters.JUnitReportReporter -->
<testsuite hostname="DESKTOP-T60JHJJ" failures="0" tests="1" name="org.mir.testing.HoldResponseBodyAndExtractValue" time="10.957" errors="0" timestamp="2022-03-10T18:36:13 EST" skipped="0">
  <testcase classname="org.mir.testing.HoldResponseBodyAndExtractValue" name="getPlace_idFromResponseBody" time="10.957"/>
  <system-out/>
</testsuite> <!-- org.mir.testing.HoldResponseBodyAndExtractValue -->
