<?xml version="1.0" encoding="UTF-8"?>
<!-- Generated by org.testng.reporters.JUnitReportReporter -->
<testsuite hostname="DESKTOP-T60JHJJ" failures="0" tests="2" name="org.mir.testing.AddBookThenDelete" time="2.846" errors="0" timestamp="2022-03-10T23:34:34 EST" skipped="0">
  <testcase classname="org.mir.testing.AddBookThenDelete" name="addBook" time="2.227"/>
  <system-out/>
  <testcase classname="org.mir.testing.AddBookThenDelete" name="deleteBookThatJustAdded" time="0.619"/>
  <system-out/>
</testsuite> <!-- org.mir.testing.AddBookThenDelete -->
